<?xml version="1.0" encoding="UTF-8"?>
<testng-results skipped="0" failed="0" ignored="0" total="1" passed="1">
  <reporter-output>
  </reporter-output>
  <suite name="Default suite" duration-ms="70" started-at="2020-01-18T22:09:42 IST" finished-at="2020-01-18T22:09:42 IST">
    <groups>
    </groups>
    <test name="Default test" duration-ms="70" started-at="2020-01-18T22:09:42 IST" finished-at="2020-01-18T22:09:42 IST">
      <class name="Test.Testng">
        <test-method status="PASS" signature="demo()[pri:0, instance:Test.Testng@31dc339b]" name="demo" duration-ms="13" started-at="2020-01-18T22:09:42 IST" finished-at="2020-01-18T22:09:42 IST">
          <reporter-output>
          </reporter-output>
        </test-method> <!-- demo -->
      </class> <!-- Test.Testng -->
    </test> <!-- Default test -->
  </suite> <!-- Default suite -->
</testng-results>
